2021-12-21 06:17:23.918 INFO  (main) [   ] o.e.j.u.log Logging initialized @4260ms to org.eclipse.jetty.util.log.Slf4jLog
2021-12-21 06:17:24.679 INFO  (main) [   ] o.e.j.s.Server jetty-9.4.24.v20191120; built: 2019-11-20T21:37:49.771Z; git: 363d5f2df3a8a28de40604320230664b9c793c16; jvm 13.0.5.1+1-Debian-1
2021-12-21 06:17:24.764 INFO  (main) [   ] o.e.j.d.p.ScanningAppProvider Deployment monitor [file:///home/dhinesh/Desktop/barat/projects/searchEngine/search/solr/server/contexts/] at interval 0
2021-12-21 06:17:26.453 INFO  (main) [   ] o.e.j.w.StandardDescriptorProcessor NO JSP Support for /solr, did not find org.apache.jasper.servlet.JspServlet
2021-12-21 06:17:26.476 INFO  (main) [   ] o.e.j.s.session DefaultSessionIdManager workerName=node0
2021-12-21 06:17:26.480 INFO  (main) [   ] o.e.j.s.session No SessionScavenger set, using defaults
2021-12-21 06:17:26.498 INFO  (main) [   ] o.e.j.s.session node0 Scavenging every 600000ms
2021-12-21 06:17:26.792 INFO  (main) [   ] o.a.s.s.SolrDispatchFilter Using logger factory org.apache.logging.slf4j.Log4jLoggerFactory
2021-12-21 06:17:26.818 INFO  (main) [   ] o.a.s.s.SolrDispatchFilter  ___      _       Welcome to Apache Solr™ version 8.5.1
2021-12-21 06:17:26.819 INFO  (main) [   ] o.a.s.s.SolrDispatchFilter / __| ___| |_ _   Starting in standalone mode on port 8983
2021-12-21 06:17:26.819 INFO  (main) [   ] o.a.s.s.SolrDispatchFilter \__ \/ _ \ | '_|  Install dir: /home/dhinesh/Desktop/barat/projects/searchEngine/search/solr
2021-12-21 06:17:26.820 INFO  (main) [   ] o.a.s.s.SolrDispatchFilter |___/\___/_|_|    Start time: 2021-12-21T06:17:26.820557Z
2021-12-21 06:17:27.002 INFO  (main) [   ] o.a.s.c.SolrResourceLoader Using system property solr.solr.home: /home/dhinesh/Desktop/barat/projects/searchEngine/search/solr/server/solr
2021-12-21 06:17:27.022 INFO  (main) [   ] o.a.s.c.SolrXmlConfig Loading container configuration from /home/dhinesh/Desktop/barat/projects/searchEngine/search/solr/server/solr/solr.xml
2021-12-21 06:17:27.373 INFO  (main) [   ] o.a.s.c.SolrXmlConfig MBean server found: com.sun.jmx.mbeanserver.JmxMBeanServer@b978d10, but no JMX reporters were configured - adding default JMX reporter.
2021-12-21 06:17:29.138 INFO  (main) [   ] o.a.s.h.c.HttpShardHandlerFactory Host whitelist initialized: WhitelistHostChecker [whitelistHosts=null, whitelistHostCheckingEnabled=true]
2021-12-21 06:17:29.896 WARN  (main) [   ] o.e.j.u.s.S.config Trusting all certificates configured for Client@3d5790ea[provider=null,keyStore=null,trustStore=null]
2021-12-21 06:17:29.903 WARN  (main) [   ] o.e.j.u.s.S.config No Client EndPointIdentificationAlgorithm configured for Client@3d5790ea[provider=null,keyStore=null,trustStore=null]
2021-12-21 06:17:30.527 WARN  (main) [   ] o.e.j.u.s.S.config Trusting all certificates configured for Client@1e7ab390[provider=null,keyStore=null,trustStore=null]
2021-12-21 06:17:30.528 WARN  (main) [   ] o.e.j.u.s.S.config No Client EndPointIdentificationAlgorithm configured for Client@1e7ab390[provider=null,keyStore=null,trustStore=null]
2021-12-21 06:17:30.565 WARN  (main) [   ] o.a.s.c.CoreContainer Not all security plugins configured!  authentication=disabled authorization=disabled.  Solr is only as secure as you make it. Consider configuring authentication/authorization before exposing Solr to users internal or external.  See https://s.apache.org/solrsecurity for more info
2021-12-21 06:17:31.013 INFO  (main) [   ] o.a.s.c.TransientSolrCoreCacheDefault Allocating transient cache for 2147483647 transient cores
2021-12-21 06:17:31.018 INFO  (main) [   ] o.a.s.h.a.MetricsHistoryHandler No .system collection, keeping metrics history in memory.
2021-12-21 06:17:31.225 INFO  (main) [   ] o.a.s.m.r.SolrJmxReporter JMX monitoring for 'solr.node' (registry 'solr.node') enabled at server: com.sun.jmx.mbeanserver.JmxMBeanServer@b978d10
2021-12-21 06:17:31.226 INFO  (main) [   ] o.a.s.m.r.SolrJmxReporter JMX monitoring for 'solr.jvm' (registry 'solr.jvm') enabled at server: com.sun.jmx.mbeanserver.JmxMBeanServer@b978d10
2021-12-21 06:17:31.243 INFO  (main) [   ] o.a.s.m.r.SolrJmxReporter JMX monitoring for 'solr.jetty' (registry 'solr.jetty') enabled at server: com.sun.jmx.mbeanserver.JmxMBeanServer@b978d10
2021-12-21 06:17:31.356 INFO  (main) [   ] o.a.s.c.CorePropertiesLocator Found 1 core definitions underneath /home/dhinesh/Desktop/barat/projects/searchEngine/search/solr/server/solr
2021-12-21 06:17:31.360 INFO  (main) [   ] o.a.s.c.CorePropertiesLocator Cores are: [nutch]
2021-12-21 06:17:31.554 INFO  (coreLoadExecutor-9-thread-1) [   x:nutch] o.a.s.c.SolrConfig Using Lucene MatchVersion: 8.5.1
2021-12-21 06:17:31.659 INFO  (main) [   ] o.e.j.s.h.ContextHandler Started o.e.j.w.WebAppContext@24a1c17f{/solr,file:///home/dhinesh/Desktop/barat/projects/searchEngine/search/solr/server/solr-webapp/webapp/,AVAILABLE}{/home/dhinesh/Desktop/barat/projects/searchEngine/search/solr/server/solr-webapp/webapp}
2021-12-21 06:17:31.713 INFO  (main) [   ] o.e.j.s.AbstractConnector Started ServerConnector@1623134f{HTTP/1.1,[http/1.1, h2c]}{0.0.0.0:8983}
2021-12-21 06:17:31.714 INFO  (main) [   ] o.e.j.s.Server Started @12062ms
2021-12-21 06:17:32.086 INFO  (coreLoadExecutor-9-thread-1) [   x:nutch] o.a.s.s.IndexSchema [nutch] Schema name=nutch
2021-12-21 06:17:32.208 WARN  (coreLoadExecutor-9-thread-1) [   x:nutch] o.a.s.c.SolrResourceLoader Solr loaded a deprecated plugin/analysis class [solr.TrieDateField]. Please consult documentation how to replace it accordingly.
2021-12-21 06:17:32.222 WARN  (coreLoadExecutor-9-thread-1) [   x:nutch] o.a.s.c.SolrResourceLoader Solr loaded a deprecated plugin/analysis class [solr.TrieDoubleField]. Please consult documentation how to replace it accordingly.
2021-12-21 06:17:32.234 WARN  (coreLoadExecutor-9-thread-1) [   x:nutch] o.a.s.c.SolrResourceLoader Solr loaded a deprecated plugin/analysis class [solr.TrieFloatField]. Please consult documentation how to replace it accordingly.
2021-12-21 06:17:32.245 WARN  (coreLoadExecutor-9-thread-1) [   x:nutch] o.a.s.c.SolrResourceLoader Solr loaded a deprecated plugin/analysis class [solr.TrieIntField]. Please consult documentation how to replace it accordingly.
2021-12-21 06:17:32.253 WARN  (coreLoadExecutor-9-thread-1) [   x:nutch] o.a.s.c.SolrResourceLoader Solr loaded a deprecated plugin/analysis class [solr.LatLonType]. Please consult documentation how to replace it accordingly.
2021-12-21 06:17:32.260 WARN  (coreLoadExecutor-9-thread-1) [   x:nutch] o.a.s.c.SolrResourceLoader Solr loaded a deprecated plugin/analysis class [solr.TrieLongField]. Please consult documentation how to replace it accordingly.
2021-12-21 06:17:32.704 WARN  (coreLoadExecutor-9-thread-1) [   x:nutch] o.a.s.c.SolrResourceLoader Solr loaded a deprecated plugin/analysis class [solr.SynonymFilterFactory]. Please consult documentation how to replace it accordingly.
2021-12-21 06:17:32.713 WARN  (coreLoadExecutor-9-thread-1) [   x:nutch] o.a.s.c.SolrResourceLoader Solr loaded a deprecated plugin/analysis class [solr.WordDelimiterFilterFactory]. Please consult documentation how to replace it accordingly.
2021-12-21 06:17:32.969 INFO  (coreLoadExecutor-9-thread-1) [   x:nutch] o.a.s.s.IndexSchema Loaded schema nutch/1.5 with uniqueid field id
2021-12-21 06:17:33.008 INFO  (coreLoadExecutor-9-thread-1) [   x:nutch] o.a.s.c.CoreContainer Creating SolrCore 'nutch' using configuration from instancedir /home/dhinesh/Desktop/barat/projects/searchEngine/search/solr/server/solr/nutch, trusted=true
2021-12-21 06:17:33.090 INFO  (coreLoadExecutor-9-thread-1) [   x:nutch] o.a.s.m.r.SolrJmxReporter JMX monitoring for 'solr.core.nutch' (registry 'solr.core.nutch') enabled at server: com.sun.jmx.mbeanserver.JmxMBeanServer@b978d10
2021-12-21 06:17:33.118 INFO  (coreLoadExecutor-9-thread-1) [   x:nutch] o.a.s.c.SolrCore [[nutch] ] Opening new SolrCore at [/home/dhinesh/Desktop/barat/projects/searchEngine/search/solr/server/solr/nutch], dataDir=[/home/dhinesh/Desktop/barat/projects/searchEngine/search/solr/server/solr/nutch/data/]
2021-12-21 06:17:34.542 INFO  (coreLoadExecutor-9-thread-1) [   x:nutch] o.a.s.u.UpdateHandler Using UpdateLog implementation: org.apache.solr.update.UpdateLog
2021-12-21 06:17:34.545 INFO  (coreLoadExecutor-9-thread-1) [   x:nutch] o.a.s.u.UpdateLog Initializing UpdateLog: dataDir= defaultSyncLevel=FLUSH numRecordsToKeep=100 maxNumLogsToKeep=10 numVersionBuckets=65536
2021-12-21 06:17:34.654 INFO  (coreLoadExecutor-9-thread-1) [   x:nutch] o.a.s.u.CommitTracker Hard AutoCommit: if uncommitted for 15000ms; 
2021-12-21 06:17:34.656 INFO  (coreLoadExecutor-9-thread-1) [   x:nutch] o.a.s.u.CommitTracker Soft AutoCommit: disabled
2021-12-21 06:17:35.056 INFO  (coreLoadExecutor-9-thread-1) [   x:nutch] o.a.s.s.SolrIndexSearcher Opening [Searcher@3771bcee[nutch] main]
2021-12-21 06:17:35.089 INFO  (coreLoadExecutor-9-thread-1) [   x:nutch] o.a.s.r.ManagedResourceStorage File-based storage initialized to use dir: /home/dhinesh/Desktop/barat/projects/searchEngine/search/solr/server/solr/nutch/conf
2021-12-21 06:17:35.145 INFO  (coreLoadExecutor-9-thread-1) [   x:nutch] o.a.s.h.c.SpellCheckComponent Initializing spell checkers
2021-12-21 06:17:35.157 INFO  (coreLoadExecutor-9-thread-1) [   x:nutch] o.a.s.s.DirectSolrSpellChecker init: {name=default,field=text,classname=solr.DirectSolrSpellChecker,distanceMeasure=internal,accuracy=0.5,maxEdits=2,minPrefix=1,maxInspections=5,minQueryLength=4,maxQueryFrequency=0.01}
2021-12-21 06:17:35.181 INFO  (coreLoadExecutor-9-thread-1) [   x:nutch] o.a.s.h.ReplicationHandler Commits will be reserved for 10000ms.
2021-12-21 06:17:35.234 INFO  (searcherExecutor-10-thread-1-processing-x:nutch) [   x:nutch] o.a.s.c.QuerySenderListener QuerySenderListener sending requests to Searcher@3771bcee[nutch] main{ExitableDirectoryReader(UninvertingDirectoryReader(Uninverting(_0(8.5.1):C17:[diagnostics={java.vendor=Debian, os=Linux, java.version=13.0.5.1, java.vm.version=13.0.5.1+1-Debian-1, lucene.version=8.5.1, os.arch=amd64, java.runtime.version=13.0.5.1+1-Debian-1, source=flush, os.version=5.14.0-9parrot1-amd64, timestamp=1639960445423}]:[attributes={Lucene50StoredFieldsFormat.mode=BEST_SPEED}])))}
2021-12-21 06:17:35.235 INFO  (searcherExecutor-10-thread-1-processing-x:nutch) [   x:nutch] o.a.s.c.QuerySenderListener QuerySenderListener done.
2021-12-21 06:17:35.235 INFO  (searcherExecutor-10-thread-1-processing-x:nutch) [   x:nutch] o.a.s.h.c.SpellCheckComponent Loading spell index for spellchecker: default
2021-12-21 06:17:35.263 INFO  (searcherExecutor-10-thread-1-processing-x:nutch) [   x:nutch] o.a.s.c.SolrCore [nutch] Registered new searcher Searcher@3771bcee[nutch] main{ExitableDirectoryReader(UninvertingDirectoryReader(Uninverting(_0(8.5.1):C17:[diagnostics={java.vendor=Debian, os=Linux, java.version=13.0.5.1, java.vm.version=13.0.5.1+1-Debian-1, lucene.version=8.5.1, os.arch=amd64, java.runtime.version=13.0.5.1+1-Debian-1, source=flush, os.version=5.14.0-9parrot1-amd64, timestamp=1639960445423}]:[attributes={Lucene50StoredFieldsFormat.mode=BEST_SPEED}])))}
2021-12-21 06:19:04.310 INFO  (qtp1651667865-39) [   ] o.a.s.s.HttpSolrCall [admin] webapp=null path=/admin/cores params={indexInfo=false&wt=json&_=1640067543800} status=0 QTime=17
2021-12-21 06:19:04.359 INFO  (qtp1651667865-17) [   ] o.a.s.s.HttpSolrCall [admin] webapp=null path=/admin/info/system params={wt=json&_=1640067543800} status=0 QTime=53
2021-12-21 06:19:04.368 INFO  (qtp1651667865-20) [   ] o.a.s.s.HttpSolrCall [admin] webapp=null path=/admin/info/system params={wt=json&_=1640067543800} status=0 QTime=73
2021-12-21 06:19:21.312 INFO  (qtp1651667865-14) [   ] o.a.s.s.HttpSolrCall [admin] webapp=null path=/admin/cores params={indexInfo=false&wt=json&_=1640067543800} status=0 QTime=0
2021-12-21 06:19:21.331 INFO  (qtp1651667865-15) [   ] o.a.s.s.HttpSolrCall [admin] webapp=null path=/admin/info/system params={wt=json&_=1640067543800} status=0 QTime=6
2021-12-21 06:19:21.377 INFO  (qtp1651667865-14) [   x:nutch] o.a.s.c.S.Request [nutch]  webapp=/solr path=/admin/luke params={numTerms=0&show=index&wt=json&_=1640067561200} status=0 QTime=41
2021-12-21 06:19:21.380 INFO  (qtp1651667865-18) [   x:nutch] o.a.s.c.S.Request [nutch]  webapp=/solr path=/replication params={wt=json&command=details&_=1640067561200} status=0 QTime=29
2021-12-21 06:19:21.377 INFO  (qtp1651667865-21) [   x:nutch] o.a.s.c.S.Request [nutch]  webapp=/solr path=/admin/ping params={action=status&wt=json&_=1640067543800&ts=1640067543800} status=503 QTime=2
2021-12-21 06:19:21.386 INFO  (qtp1651667865-23) [   x:nutch] o.a.s.c.S.Request [nutch]  webapp=/solr path=/admin/system params={wt=json&_=1640067561200} status=0 QTime=18
2021-12-21 06:19:26.967 INFO  (qtp1651667865-17) [   ] o.a.s.s.HttpSolrCall [admin] webapp=null path=/admin/cores params={indexInfo=false&wt=json&_=1640067543800} status=0 QTime=0
2021-12-21 06:19:26.995 INFO  (qtp1651667865-22) [   ] o.a.s.s.HttpSolrCall [admin] webapp=null path=/admin/info/system params={wt=json&_=1640067543800} status=0 QTime=7
2021-12-21 06:19:27.014 INFO  (qtp1651667865-17) [   x:nutch] o.a.s.c.S.Request [nutch]  webapp=/solr path=/admin/luke params={show=schema&wt=json&_=1640067561200} status=0 QTime=15
2021-12-21 06:19:32.306 INFO  (qtp1651667865-39) [   ] o.a.s.s.HttpSolrCall [admin] webapp=null path=/admin/cores params={indexInfo=false&wt=json&_=1640067543800} status=0 QTime=0
2021-12-21 06:19:32.346 INFO  (qtp1651667865-22) [   ] o.a.s.s.HttpSolrCall [admin] webapp=null path=/admin/info/system params={wt=json&_=1640067543800} status=0 QTime=24
2021-12-21 06:19:36.417 INFO  (qtp1651667865-39) [   x:nutch] o.a.s.c.S.Request [nutch]  webapp=/solr path=/select params={q=*:*&_=1640067572200} hits=17 status=0 QTime=81
2021-12-21 06:19:50.485 INFO  (qtp1651667865-22) [   x:nutch] o.a.s.c.S.Request [nutch]  webapp=/solr path=/select params={q=hello&_=1640067572200} hits=0 status=0 QTime=46
2021-12-21 06:20:00.898 INFO  (qtp1651667865-39) [   x:nutch] o.a.s.c.S.Request [nutch]  webapp=/solr path=/select params={q=nutch&_=1640067572200} hits=8 status=0 QTime=17
2021-12-21 06:20:03.974 INFO  (qtp1651667865-22) [   x:nutch] o.a.s.c.S.Request [nutch]  webapp=/solr path=/select params={q=nutch} hits=8 status=0 QTime=1
2021-12-21 06:22:20.898 INFO  (qtp1651667865-39) [   x:nutch] o.a.s.c.S.Request [nutch]  webapp=/solr path=/select params={q=nutch} hits=8 status=0 QTime=1
2021-12-21 06:23:08.827 INFO  (qtp1651667865-23) [   x:nutch] o.a.s.c.S.Request [nutch]  webapp=/solr path=/select params={q=nutch} hits=8 status=0 QTime=1
2021-12-21 06:24:08.557 INFO  (qtp1651667865-23) [   x:nutch] o.a.s.c.S.Request [nutch]  webapp=/solr path=/select params={q=nutch} hits=8 status=0 QTime=0
2021-12-21 06:25:12.726 INFO  (qtp1651667865-23) [   x:nutch] o.a.s.c.S.Request [nutch]  webapp=/solr path=/select params={q=nutch} hits=8 status=0 QTime=0
2021-12-21 06:25:34.760 INFO  (qtp1651667865-23) [   x:nutch] o.a.s.c.S.Request [nutch]  webapp=/solr path=/select params={q=nutch} hits=8 status=0 QTime=0
2021-12-21 06:26:25.989 INFO  (qtp1651667865-23) [   x:nutch] o.a.s.c.S.Request [nutch]  webapp=/solr path=/select params={q=nutch} hits=8 status=0 QTime=1
2021-12-21 06:26:31.757 INFO  (qtp1651667865-23) [   x:nutch] o.a.s.c.S.Request [nutch]  webapp=/solr path=/select params={q=nutch} hits=8 status=0 QTime=0
2021-12-21 06:27:48.857 INFO  (qtp1651667865-15) [   x:nutch] o.a.s.c.S.Request [nutch]  webapp=/solr path=/select params={q=nutch} hits=8 status=0 QTime=0
2021-12-21 06:32:31.605 INFO  (qtp1651667865-22) [   x:nutch] o.a.s.c.S.Request [nutch]  webapp=/solr path=/select params={q=nutch} hits=8 status=0 QTime=1
2021-12-21 06:32:48.406 INFO  (qtp1651667865-18) [   x:nutch] o.a.s.c.S.Request [nutch]  webapp=/solr path=/select params={q=nutch} hits=8 status=0 QTime=1
2021-12-21 06:33:39.371 INFO  (qtp1651667865-18) [   x:nutch] o.a.s.c.S.Request [nutch]  webapp=/solr path=/select params={q=nutch} hits=8 status=0 QTime=1
2021-12-21 06:37:46.748 INFO  (qtp1651667865-21) [   x:nutch] o.a.s.c.S.Request [nutch]  webapp=/solr path=/select params={q=nutch} hits=8 status=0 QTime=0
2021-12-21 07:15:09.266 INFO  (Thread-0) [   ] o.e.j.s.AbstractConnector Stopped ServerConnector@1623134f{HTTP/1.1,[http/1.1, h2c]}{0.0.0.0:8983}
2021-12-21 07:15:09.266 INFO  (Thread-0) [   ] o.e.j.s.session node0 Stopped scavenging
2021-12-21 07:15:09.869 INFO  (Thread-0) [   ] o.a.s.c.CoreContainer Shutting down CoreContainer instance=1832657711
2021-12-21 07:15:09.873 INFO  (coreCloseExecutor-15-thread-1) [   x:nutch] o.a.s.c.SolrCore [nutch]  CLOSING SolrCore org.apache.solr.core.SolrCore@1838aca8
2021-12-21 07:15:09.874 INFO  (coreCloseExecutor-15-thread-1) [   x:nutch] o.a.s.m.SolrMetricManager Closing metric reporters for registry=solr.core.nutch, tag=SolrCore@1838aca8
2021-12-21 07:15:09.875 INFO  (coreCloseExecutor-15-thread-1) [   x:nutch] o.a.s.m.r.SolrJmxReporter Closing reporter [org.apache.solr.metrics.reporters.SolrJmxReporter@51c0db53: rootName = null, domain = solr.core.nutch, service url = null, agent id = null] for registry solr.core.nutch / com.codahale.metrics.MetricRegistry@50129d48
2021-12-21 07:15:10.390 INFO  (coreCloseExecutor-15-thread-1) [   x:nutch] o.a.s.u.DirectUpdateHandler2 Committing on IndexWriter.close()  ... SKIPPED (unnecessary).
2021-12-21 07:15:10.736 INFO  (Thread-0) [   ] o.a.s.m.SolrMetricManager Closing metric reporters for registry=solr.node, tag=null
2021-12-21 07:15:10.737 INFO  (Thread-0) [   ] o.a.s.m.r.SolrJmxReporter Closing reporter [org.apache.solr.metrics.reporters.SolrJmxReporter@61f6d381: rootName = null, domain = solr.node, service url = null, agent id = null] for registry solr.node / com.codahale.metrics.MetricRegistry@4dfc72e8
2021-12-21 07:15:10.748 INFO  (Thread-0) [   ] o.a.s.m.SolrMetricManager Closing metric reporters for registry=solr.jvm, tag=null
2021-12-21 07:15:10.754 INFO  (Thread-0) [   ] o.a.s.m.r.SolrJmxReporter Closing reporter [org.apache.solr.metrics.reporters.SolrJmxReporter@29fd8e67: rootName = null, domain = solr.jvm, service url = null, agent id = null] for registry solr.jvm / com.codahale.metrics.MetricRegistry@6d490c5f
2021-12-21 07:15:10.767 INFO  (Thread-0) [   ] o.a.s.m.SolrMetricManager Closing metric reporters for registry=solr.jetty, tag=null
2021-12-21 07:15:10.767 INFO  (Thread-0) [   ] o.a.s.m.r.SolrJmxReporter Closing reporter [org.apache.solr.metrics.reporters.SolrJmxReporter@e146f93: rootName = null, domain = solr.jetty, service url = null, agent id = null] for registry solr.jetty / com.codahale.metrics.MetricRegistry@42e78801
2021-12-21 07:15:11.020 INFO  (Thread-0) [   ] o.e.j.s.h.ContextHandler Stopped o.e.j.w.WebAppContext@24a1c17f{/solr,null,UNAVAILABLE}{/home/dhinesh/Desktop/barat/projects/searchEngine/search/solr/server/solr-webapp/webapp}
