OpenJDK 64-Bit Server VM warning: Failed to reserve shared memory. (error = 1)
OpenJDK 64-Bit Server VM warning: Failed to reserve shared memory. (error = 12)
OpenJDK 64-Bit Server VM warning: Failed to reserve shared memory. (error = 12)
<<<<<<< HEAD
2021-12-29 19:35:55.156 INFO  (main) [   ] o.e.j.u.log Logging initialized @3459ms to org.eclipse.jetty.util.log.Slf4jLog
2021-12-29 19:35:55.742 INFO  (main) [   ] o.e.j.s.Server jetty-9.4.24.v20191120; built: 2019-11-20T21:37:49.771Z; git: 363d5f2df3a8a28de40604320230664b9c793c16; jvm 13.0.5.1+1-Debian-1
2021-12-29 19:35:55.808 INFO  (main) [   ] o.e.j.d.p.ScanningAppProvider Deployment monitor [file:///home/dhinesh/Downloads/bakup/searchEngine/search/solr/server/contexts/] at interval 0
2021-12-29 19:35:56.758 INFO  (main) [   ] o.e.j.w.StandardDescriptorProcessor NO JSP Support for /solr, did not find org.apache.jasper.servlet.JspServlet
2021-12-29 19:35:56.790 INFO  (main) [   ] o.e.j.s.session DefaultSessionIdManager workerName=node0
2021-12-29 19:35:56.794 INFO  (main) [   ] o.e.j.s.session No SessionScavenger set, using defaults
2021-12-29 19:35:56.803 INFO  (main) [   ] o.e.j.s.session node0 Scavenging every 660000ms
2021-12-29 19:35:57.130 INFO  (main) [   ] o.a.s.s.SolrDispatchFilter Using logger factory org.apache.logging.slf4j.Log4jLoggerFactory
2021-12-29 19:35:57.167 INFO  (main) [   ] o.a.s.s.SolrDispatchFilter  ___      _       Welcome to Apache Solr™ version 8.5.1
2021-12-29 19:35:57.167 INFO  (main) [   ] o.a.s.s.SolrDispatchFilter / __| ___| |_ _   Starting in standalone mode on port 8983
2021-12-29 19:35:57.167 INFO  (main) [   ] o.a.s.s.SolrDispatchFilter \__ \/ _ \ | '_|  Install dir: /home/dhinesh/Downloads/bakup/searchEngine/search/solr
2021-12-29 19:35:57.168 INFO  (main) [   ] o.a.s.s.SolrDispatchFilter |___/\___/_|_|    Start time: 2021-12-29T19:35:57.168032Z
=======
2021-12-29 19:01:21.236 INFO  (main) [   ] o.e.j.u.log Logging initialized @2938ms to org.eclipse.jetty.util.log.Slf4jLog
2021-12-29 19:01:21.870 INFO  (main) [   ] o.e.j.s.Server jetty-9.4.24.v20191120; built: 2019-11-20T21:37:49.771Z; git: 363d5f2df3a8a28de40604320230664b9c793c16; jvm 13.0.5.1+1-Debian-1
2021-12-29 19:01:21.939 INFO  (main) [   ] o.e.j.d.p.ScanningAppProvider Deployment monitor [file:///home/dhinesh/Desktop/barat/projects/searchEngine/search/solr/server/contexts/] at interval 0
2021-12-29 19:01:23.887 INFO  (main) [   ] o.e.j.w.StandardDescriptorProcessor NO JSP Support for /solr, did not find org.apache.jasper.servlet.JspServlet
2021-12-29 19:01:23.929 INFO  (main) [   ] o.e.j.s.session DefaultSessionIdManager workerName=node0
2021-12-29 19:01:23.929 INFO  (main) [   ] o.e.j.s.session No SessionScavenger set, using defaults
2021-12-29 19:01:23.936 INFO  (main) [   ] o.e.j.s.session node0 Scavenging every 600000ms
2021-12-29 19:01:24.231 INFO  (main) [   ] o.a.s.s.SolrDispatchFilter Using logger factory org.apache.logging.slf4j.Log4jLoggerFactory
2021-12-29 19:01:24.249 INFO  (main) [   ] o.a.s.s.SolrDispatchFilter  ___      _       Welcome to Apache Solr™ version 8.5.1
2021-12-29 19:01:24.250 INFO  (main) [   ] o.a.s.s.SolrDispatchFilter / __| ___| |_ _   Starting in standalone mode on port 8983
2021-12-29 19:01:24.251 INFO  (main) [   ] o.a.s.s.SolrDispatchFilter \__ \/ _ \ | '_|  Install dir: /home/dhinesh/Desktop/barat/projects/searchEngine/search/solr
2021-12-29 19:01:24.252 INFO  (main) [   ] o.a.s.s.SolrDispatchFilter |___/\___/_|_|    Start time: 2021-12-29T19:01:24.252023Z
>>>>>>> a944bd6a3917618c10d698f9fb5b5d99b43a8ded
