[2021-12-21T11:47:19.673+0530][0.021s] Heap region size: 1M
[2021-12-21T11:47:19.957+0530][0.305s] Using G1
[2021-12-21T11:47:19.957+0530][0.305s] Heap address: 0x00000000e0000000, size: 512 MB, Compressed Oops mode: 32-bit
[2021-12-21T11:47:20.016+0530][0.364s] Periodic GC disabled
[2021-12-21T11:47:22.479+0530][2.827s] GC(0) Pause Young (Normal) (G1 Evacuation Pause)
[2021-12-21T11:47:22.479+0530][2.827s] GC(0) Using 2 workers of 2 for evacuation
[2021-12-21T11:47:22.489+0530][2.837s] GC(0)   Pre Evacuate Collection Set: 0.1ms
[2021-12-21T11:47:22.489+0530][2.837s] GC(0)   Evacuate Collection Set: 9.0ms
[2021-12-21T11:47:22.489+0530][2.837s] GC(0)   Post Evacuate Collection Set: 0.7ms
[2021-12-21T11:47:22.489+0530][2.837s] GC(0)   Other: 0.4ms
[2021-12-21T11:47:22.489+0530][2.837s] GC(0) Eden regions: 25->0(22)
[2021-12-21T11:47:22.489+0530][2.837s] GC(0) Survivor regions: 0->3(4)
[2021-12-21T11:47:22.489+0530][2.837s] GC(0) Old regions: 0->0
[2021-12-21T11:47:22.489+0530][2.837s] GC(0) Archive regions: 0->0
[2021-12-21T11:47:22.489+0530][2.837s] GC(0) Humongous regions: 0->0
[2021-12-21T11:47:22.489+0530][2.837s] GC(0) Metaspace: 12625K->12625K(1060864K)
[2021-12-21T11:47:22.489+0530][2.837s] GC(0) Pause Young (Normal) (G1 Evacuation Pause) 25M->2M(512M) 10.463ms
[2021-12-21T11:47:22.489+0530][2.837s] GC(0) User=0.01s Sys=0.00s Real=0.01s
[2021-12-21T11:47:24.203+0530][4.552s] GC(1) Pause Young (Normal) (G1 Evacuation Pause)
[2021-12-21T11:47:24.203+0530][4.552s] GC(1) Using 2 workers of 2 for evacuation
[2021-12-21T11:47:24.248+0530][4.596s] GC(1)   Pre Evacuate Collection Set: 0.1ms
[2021-12-21T11:47:24.248+0530][4.596s] GC(1)   Evacuate Collection Set: 43.2ms
[2021-12-21T11:47:24.248+0530][4.596s] GC(1)   Post Evacuate Collection Set: 1.1ms
[2021-12-21T11:47:24.248+0530][4.596s] GC(1)   Other: 0.3ms
[2021-12-21T11:47:24.248+0530][4.596s] GC(1) Eden regions: 22->0(21)
[2021-12-21T11:47:24.248+0530][4.596s] GC(1) Survivor regions: 3->4(4)
[2021-12-21T11:47:24.248+0530][4.597s] GC(1) Old regions: 0->8
[2021-12-21T11:47:24.248+0530][4.597s] GC(1) Archive regions: 0->0
[2021-12-21T11:47:24.248+0530][4.597s] GC(1) Humongous regions: 4->4
[2021-12-21T11:47:24.248+0530][4.597s] GC(1) Metaspace: 19935K->19935K(1067008K)
[2021-12-21T11:47:24.248+0530][4.597s] GC(1) Pause Young (Normal) (G1 Evacuation Pause) 28M->15M(512M) 44.957ms
[2021-12-21T11:47:24.248+0530][4.597s] GC(1) User=0.08s Sys=0.00s Real=0.04s
[2021-12-21T11:47:24.332+0530][4.681s] GC(2) Pause Young (Concurrent Start) (Metadata GC Threshold)
[2021-12-21T11:47:24.333+0530][4.681s] GC(2) Using 2 workers of 2 for evacuation
[2021-12-21T11:47:24.346+0530][4.694s] GC(2)   Pre Evacuate Collection Set: 0.1ms
[2021-12-21T11:47:24.346+0530][4.694s] GC(2)   Evacuate Collection Set: 12.2ms
[2021-12-21T11:47:24.346+0530][4.694s] GC(2)   Post Evacuate Collection Set: 0.5ms
[2021-12-21T11:47:24.346+0530][4.694s] GC(2)   Other: 0.3ms
[2021-12-21T11:47:24.346+0530][4.694s] GC(2) Eden regions: 2->0(24)
[2021-12-21T11:47:24.346+0530][4.694s] GC(2) Survivor regions: 4->1(4)
[2021-12-21T11:47:24.346+0530][4.694s] GC(2) Old regions: 8->12
[2021-12-21T11:47:24.346+0530][4.694s] GC(2) Archive regions: 0->0
[2021-12-21T11:47:24.346+0530][4.694s] GC(2) Humongous regions: 4->4
[2021-12-21T11:47:24.346+0530][4.694s] GC(2) Metaspace: 20377K->20377K(1069056K)
[2021-12-21T11:47:24.346+0530][4.694s] GC(2) Pause Young (Concurrent Start) (Metadata GC Threshold) 16M->16M(512M) 13.332ms
[2021-12-21T11:47:24.346+0530][4.694s] GC(2) User=0.02s Sys=0.00s Real=0.01s
[2021-12-21T11:47:24.346+0530][4.694s] GC(3) Concurrent Cycle
[2021-12-21T11:47:24.346+0530][4.694s] GC(3) Concurrent Clear Claimed Marks
[2021-12-21T11:47:24.346+0530][4.694s] GC(3) Concurrent Clear Claimed Marks 0.044ms
[2021-12-21T11:47:24.346+0530][4.694s] GC(3) Concurrent Scan Root Regions
[2021-12-21T11:47:24.350+0530][4.699s] GC(3) Concurrent Scan Root Regions 4.155ms
[2021-12-21T11:47:24.350+0530][4.699s] GC(3) Concurrent Mark (4.699s)
[2021-12-21T11:47:24.350+0530][4.699s] GC(3) Concurrent Mark From Roots
[2021-12-21T11:47:24.350+0530][4.699s] GC(3) Using 1 workers of 1 for marking
[2021-12-21T11:47:24.393+0530][4.741s] GC(3) Concurrent Mark From Roots 42.559ms
[2021-12-21T11:47:24.393+0530][4.741s] GC(3) Concurrent Preclean
[2021-12-21T11:47:24.393+0530][4.741s] GC(3) Concurrent Preclean 0.070ms
[2021-12-21T11:47:24.393+0530][4.741s] GC(3) Concurrent Mark (4.699s, 4.741s) 42.741ms
[2021-12-21T11:47:24.395+0530][4.743s] GC(3) Pause Remark
[2021-12-21T11:47:24.400+0530][4.748s] GC(3) Pause Remark 17M->17M(512M) 4.955ms
[2021-12-21T11:47:24.400+0530][4.748s] GC(3) User=0.01s Sys=0.00s Real=0.01s
[2021-12-21T11:47:24.400+0530][4.749s] GC(3) Concurrent Rebuild Remembered Sets
[2021-12-21T11:47:24.434+0530][4.782s] GC(3) Concurrent Rebuild Remembered Sets 33.699ms
[2021-12-21T11:47:24.437+0530][4.785s] GC(3) Pause Cleanup
[2021-12-21T11:47:24.437+0530][4.785s] GC(3) Pause Cleanup 18M->18M(512M) 0.295ms
[2021-12-21T11:47:24.437+0530][4.785s] GC(3) User=0.00s Sys=0.00s Real=0.00s
[2021-12-21T11:47:24.437+0530][4.785s] GC(3) Concurrent Cleanup for Next Mark
[2021-12-21T11:47:24.440+0530][4.788s] GC(3) Concurrent Cleanup for Next Mark 2.577ms
[2021-12-21T11:47:24.440+0530][4.788s] GC(3) Concurrent Cycle 93.662ms
[2021-12-21T11:47:25.996+0530][6.344s] GC(4) Pause Young (Normal) (G1 Evacuation Pause)
[2021-12-21T11:47:25.996+0530][6.344s] GC(4) Using 2 workers of 2 for evacuation
[2021-12-21T11:47:26.004+0530][6.352s] GC(4)   Pre Evacuate Collection Set: 0.1ms
[2021-12-21T11:47:26.004+0530][6.352s] GC(4)   Evacuate Collection Set: 7.1ms
[2021-12-21T11:47:26.004+0530][6.352s] GC(4)   Post Evacuate Collection Set: 0.7ms
[2021-12-21T11:47:26.004+0530][6.352s] GC(4)   Other: 0.3ms
[2021-12-21T11:47:26.004+0530][6.352s] GC(4) Eden regions: 24->0(28)
[2021-12-21T11:47:26.004+0530][6.352s] GC(4) Survivor regions: 1->4(4)
[2021-12-21T11:47:26.004+0530][6.352s] GC(4) Old regions: 12->14
[2021-12-21T11:47:26.004+0530][6.353s] GC(4) Archive regions: 0->0
[2021-12-21T11:47:26.004+0530][6.353s] GC(4) Humongous regions: 4->4
[2021-12-21T11:47:26.004+0530][6.353s] GC(4) Metaspace: 23621K->23621K(1071104K)
[2021-12-21T11:47:26.004+0530][6.353s] GC(4) Pause Young (Normal) (G1 Evacuation Pause) 40M->21M(512M) 8.345ms
[2021-12-21T11:47:26.004+0530][6.353s] GC(4) User=0.01s Sys=0.00s Real=0.01s
[2021-12-21T11:47:27.316+0530][7.664s] GC(5) Pause Young (Normal) (G1 Evacuation Pause)
[2021-12-21T11:47:27.316+0530][7.664s] GC(5) Using 2 workers of 2 for evacuation
[2021-12-21T11:47:27.335+0530][7.683s] GC(5)   Pre Evacuate Collection Set: 0.1ms
[2021-12-21T11:47:27.335+0530][7.684s] GC(5)   Evacuate Collection Set: 17.7ms
[2021-12-21T11:47:27.335+0530][7.684s] GC(5)   Post Evacuate Collection Set: 1.1ms
[2021-12-21T11:47:27.335+0530][7.684s] GC(5)   Other: 0.3ms
[2021-12-21T11:47:27.335+0530][7.684s] GC(5) Eden regions: 28->0(34)
[2021-12-21T11:47:27.335+0530][7.684s] GC(5) Survivor regions: 4->3(4)
[2021-12-21T11:47:27.335+0530][7.684s] GC(5) Old regions: 14->18
[2021-12-21T11:47:27.335+0530][7.684s] GC(5) Archive regions: 0->0
[2021-12-21T11:47:27.335+0530][7.684s] GC(5) Humongous regions: 4->4
[2021-12-21T11:47:27.335+0530][7.684s] GC(5) Metaspace: 27219K->27219K(1075200K)
[2021-12-21T11:47:27.335+0530][7.684s] GC(5) Pause Young (Normal) (G1 Evacuation Pause) 49M->24M(512M) 19.428ms
[2021-12-21T11:47:27.335+0530][7.684s] GC(5) User=0.02s Sys=0.00s Real=0.02s
[2021-12-21T11:47:28.563+0530][8.911s] GC(6) Pause Young (Normal) (G1 Evacuation Pause)
[2021-12-21T11:47:28.563+0530][8.911s] GC(6) Using 2 workers of 2 for evacuation
[2021-12-21T11:47:28.571+0530][8.919s] GC(6)   Pre Evacuate Collection Set: 0.1ms
[2021-12-21T11:47:28.571+0530][8.919s] GC(6)   Evacuate Collection Set: 7.0ms
[2021-12-21T11:47:28.571+0530][8.919s] GC(6)   Post Evacuate Collection Set: 0.5ms
[2021-12-21T11:47:28.571+0530][8.919s] GC(6)   Other: 0.3ms
[2021-12-21T11:47:28.571+0530][8.919s] GC(6) Eden regions: 34->0(73)
[2021-12-21T11:47:28.571+0530][8.919s] GC(6) Survivor regions: 3->1(5)
[2021-12-21T11:47:28.571+0530][8.919s] GC(6) Old regions: 18->20
[2021-12-21T11:47:28.571+0530][8.919s] GC(6) Archive regions: 0->0
[2021-12-21T11:47:28.571+0530][8.919s] GC(6) Humongous regions: 4->4
[2021-12-21T11:47:28.571+0530][8.919s] GC(6) Metaspace: 28590K->28590K(1075200K)
[2021-12-21T11:47:28.571+0530][8.919s] GC(6) Pause Young (Normal) (G1 Evacuation Pause) 58M->24M(512M) 8.061ms
[2021-12-21T11:47:28.571+0530][8.920s] GC(6) User=0.01s Sys=0.00s Real=0.01s
[2021-12-21T11:47:29.996+0530][10.344s] GC(7) Pause Young (Concurrent Start) (Metadata GC Threshold)
[2021-12-21T11:47:29.996+0530][10.344s] GC(7) Using 2 workers of 2 for evacuation
[2021-12-21T11:47:30.003+0530][10.352s] GC(7)   Pre Evacuate Collection Set: 0.1ms
[2021-12-21T11:47:30.003+0530][10.352s] GC(7)   Evacuate Collection Set: 4.2ms
[2021-12-21T11:47:30.003+0530][10.352s] GC(7)   Post Evacuate Collection Set: 2.8ms
[2021-12-21T11:47:30.003+0530][10.352s] GC(7)   Other: 0.3ms
[2021-12-21T11:47:30.003+0530][10.352s] GC(7) Eden regions: 35->0(104)
[2021-12-21T11:47:30.003+0530][10.352s] GC(7) Survivor regions: 1->2(10)
[2021-12-21T11:47:30.003+0530][10.352s] GC(7) Old regions: 20->20
[2021-12-21T11:47:30.003+0530][10.352s] GC(7) Archive regions: 0->0
[2021-12-21T11:47:30.003+0530][10.352s] GC(7) Humongous regions: 4->4
[2021-12-21T11:47:30.003+0530][10.352s] GC(7) Metaspace: 35063K->35063K(1081344K)
[2021-12-21T11:47:30.003+0530][10.352s] GC(7) Pause Young (Concurrent Start) (Metadata GC Threshold) 59M->25M(512M) 7.673ms
[2021-12-21T11:47:30.004+0530][10.352s] GC(7) User=0.01s Sys=0.00s Real=0.01s
[2021-12-21T11:47:30.004+0530][10.352s] GC(8) Concurrent Cycle
[2021-12-21T11:47:30.004+0530][10.352s] GC(8) Concurrent Clear Claimed Marks
[2021-12-21T11:47:30.004+0530][10.352s] GC(8) Concurrent Clear Claimed Marks 0.065ms
[2021-12-21T11:47:30.004+0530][10.352s] GC(8) Concurrent Scan Root Regions
[2021-12-21T11:47:30.006+0530][10.354s] GC(8) Concurrent Scan Root Regions 2.007ms
[2021-12-21T11:47:30.006+0530][10.354s] GC(8) Concurrent Mark (10.354s)
[2021-12-21T11:47:30.006+0530][10.354s] GC(8) Concurrent Mark From Roots
[2021-12-21T11:47:30.006+0530][10.354s] GC(8) Using 1 workers of 1 for marking
[2021-12-21T11:47:30.089+0530][10.437s] GC(8) Concurrent Mark From Roots 82.624ms
[2021-12-21T11:47:30.089+0530][10.437s] GC(8) Concurrent Preclean
[2021-12-21T11:47:30.089+0530][10.437s] GC(8) Concurrent Preclean 0.166ms
[2021-12-21T11:47:30.089+0530][10.437s] GC(8) Concurrent Mark (10.354s, 10.437s) 82.931ms
[2021-12-21T11:47:30.089+0530][10.438s] GC(8) Pause Remark
[2021-12-21T11:47:30.094+0530][10.442s] GC(8) Pause Remark 26M->26M(512M) 4.229ms
[2021-12-21T11:47:30.094+0530][10.442s] GC(8) User=0.01s Sys=0.00s Real=0.00s
[2021-12-21T11:47:30.094+0530][10.442s] GC(8) Concurrent Rebuild Remembered Sets
[2021-12-21T11:47:30.147+0530][10.496s] GC(8) Concurrent Rebuild Remembered Sets 53.643ms
[2021-12-21T11:47:30.148+0530][10.496s] GC(8) Pause Cleanup
[2021-12-21T11:47:30.148+0530][10.496s] GC(8) Pause Cleanup 26M->26M(512M) 0.239ms
[2021-12-21T11:47:30.148+0530][10.496s] GC(8) User=0.00s Sys=0.00s Real=0.00s
[2021-12-21T11:47:30.148+0530][10.497s] GC(8) Concurrent Cleanup for Next Mark
[2021-12-21T11:47:30.153+0530][10.502s] GC(8) Concurrent Cleanup for Next Mark 4.799ms
[2021-12-21T11:47:30.153+0530][10.502s] GC(8) Concurrent Cycle 149.713ms
[2021-12-21T11:47:32.310+0530][12.659s] GC(9) Pause Young (Concurrent Start) (G1 Evacuation Pause)
[2021-12-21T11:47:32.310+0530][12.659s] GC(9) Using 2 workers of 2 for evacuation
[2021-12-21T11:47:32.328+0530][12.676s] GC(9)   Pre Evacuate Collection Set: 0.1ms
[2021-12-21T11:47:32.328+0530][12.676s] GC(9)   Evacuate Collection Set: 15.8ms
[2021-12-21T11:47:32.328+0530][12.676s] GC(9)   Post Evacuate Collection Set: 1.1ms
[2021-12-21T11:47:32.328+0530][12.676s] GC(9)   Other: 0.4ms
[2021-12-21T11:47:32.328+0530][12.676s] GC(9) Eden regions: 112->0(154)
[2021-12-21T11:47:32.328+0530][12.676s] GC(9) Survivor regions: 2->6(15)
[2021-12-21T11:47:32.328+0530][12.676s] GC(9) Old regions: 20->20
[2021-12-21T11:47:32.328+0530][12.676s] GC(9) Archive regions: 0->0
[2021-12-21T11:47:32.328+0530][12.676s] GC(9) Humongous regions: 4->4
[2021-12-21T11:47:32.328+0530][12.676s] GC(9) Metaspace: 41643K->41643K(1087488K)
[2021-12-21T11:47:32.328+0530][12.676s] GC(9) Pause Young (Concurrent Start) (G1 Evacuation Pause) 137M->29M(512M) 17.728ms
[2021-12-21T11:47:32.328+0530][12.676s] GC(9) User=0.03s Sys=0.00s Real=0.01s
[2021-12-21T11:47:32.329+0530][12.677s] GC(10) Concurrent Cycle
[2021-12-21T11:47:32.329+0530][12.677s] GC(10) Concurrent Clear Claimed Marks
[2021-12-21T11:47:32.329+0530][12.677s] GC(10) Concurrent Clear Claimed Marks 0.093ms
[2021-12-21T11:47:32.329+0530][12.677s] GC(10) Concurrent Scan Root Regions
[2021-12-21T11:47:32.344+0530][12.693s] GC(10) Concurrent Scan Root Regions 15.653ms
[2021-12-21T11:47:32.345+0530][12.693s] GC(10) Concurrent Mark (12.693s)
[2021-12-21T11:47:32.345+0530][12.693s] GC(10) Concurrent Mark From Roots
[2021-12-21T11:47:32.345+0530][12.693s] GC(10) Using 1 workers of 1 for marking
[2021-12-21T11:47:32.449+0530][12.798s] GC(10) Concurrent Mark From Roots 104.753ms
[2021-12-21T11:47:32.449+0530][12.798s] GC(10) Concurrent Preclean
[2021-12-21T11:47:32.450+0530][12.798s] GC(10) Concurrent Preclean 0.131ms
[2021-12-21T11:47:32.450+0530][12.798s] GC(10) Concurrent Mark (12.693s, 12.798s) 105.004ms
[2021-12-21T11:47:32.450+0530][12.798s] GC(10) Pause Remark
[2021-12-21T11:47:32.458+0530][12.806s] GC(10) Pause Remark 35M->35M(512M) 8.120ms
[2021-12-21T11:47:32.458+0530][12.806s] GC(10) User=0.01s Sys=0.00s Real=0.01s
[2021-12-21T11:47:32.458+0530][12.806s] GC(10) Concurrent Rebuild Remembered Sets
[2021-12-21T11:47:32.507+0530][12.855s] GC(10) Concurrent Rebuild Remembered Sets 48.709ms
[2021-12-21T11:47:32.510+0530][12.859s] GC(10) Pause Cleanup
[2021-12-21T11:47:32.512+0530][12.860s] GC(10) Pause Cleanup 36M->36M(512M) 1.632ms
[2021-12-21T11:47:32.512+0530][12.860s] GC(10) User=0.00s Sys=0.00s Real=0.00s
[2021-12-21T11:47:32.512+0530][12.860s] GC(10) Concurrent Cleanup for Next Mark
[2021-12-21T11:47:32.525+0530][12.873s] GC(10) Concurrent Cleanup for Next Mark 12.637ms
[2021-12-21T11:47:32.525+0530][12.873s] GC(10) Concurrent Cycle 196.259ms
[2021-12-21T11:47:34.254+0530][14.602s] GC(11) Pause Young (Normal) (G1 Evacuation Pause)
[2021-12-21T11:47:34.254+0530][14.602s] GC(11) Using 2 workers of 2 for evacuation
[2021-12-21T11:47:34.273+0530][14.622s] GC(11)   Pre Evacuate Collection Set: 0.1ms
[2021-12-21T11:47:34.274+0530][14.622s] GC(11)   Evacuate Collection Set: 18.2ms
[2021-12-21T11:47:34.274+0530][14.622s] GC(11)   Post Evacuate Collection Set: 1.2ms
[2021-12-21T11:47:34.274+0530][14.622s] GC(11)   Other: 0.3ms
[2021-12-21T11:47:34.274+0530][14.622s] GC(11) Eden regions: 159->0(197)
[2021-12-21T11:47:34.274+0530][14.622s] GC(11) Survivor regions: 6->8(21)
[2021-12-21T11:47:34.274+0530][14.622s] GC(11) Old regions: 20->20
[2021-12-21T11:47:34.274+0530][14.622s] GC(11) Archive regions: 0->0
[2021-12-21T11:47:34.274+0530][14.622s] GC(11) Humongous regions: 4->4
[2021-12-21T11:47:34.274+0530][14.622s] GC(11) Metaspace: 47975K->47975K(1093632K)
[2021-12-21T11:47:34.274+0530][14.622s] GC(11) Pause Young (Normal) (G1 Evacuation Pause) 188M->31M(512M) 19.942ms
[2021-12-21T11:47:34.274+0530][14.622s] GC(11) User=0.03s Sys=0.01s Real=0.02s
[2021-12-21T12:45:11.028+0530][3471.377s] Heap
[2021-12-21T12:45:11.054+0530][3471.402s]  garbage-first heap   total 524288K, used 144783K [0x00000000e0000000, 0x0000000100000000)
[2021-12-21T12:45:11.054+0530][3471.402s]   region size 1024K, 116 young (118784K), 8 survivors (8192K)
[2021-12-21T12:45:11.054+0530][3471.402s]  Metaspace       used 55318K, capacity 56223K, committed 56572K, reserved 1099776K
[2021-12-21T12:45:11.054+0530][3471.402s]   class space    used 6246K, capacity 6619K, committed 6656K, reserved 1048576K
